<?xml version="1.0" encoding="UTF-8"?>
<testng-results skipped="0" failed="0" total="3" passed="3">
  <reporter-output>
  </reporter-output>
  <suite name="Suite" duration-ms="17379" started-at="2019-08-30T02:46:21Z" finished-at="2019-08-30T02:46:39Z">
    <groups>
    </groups>
    <test name="Test" duration-ms="17379" started-at="2019-08-30T02:46:21Z" finished-at="2019-08-30T02:46:39Z">
      <class name="demoProject.TestClass1">
        <test-method status="PASS" signature="launchDriver()[pri:0, instance:demoProject.TestClass1@2752f6e2]" name="launchDriver" is-config="true" duration-ms="4517" started-at="2019-08-29T22:46:21Z" finished-at="2019-08-29T22:46:26Z">
          <reporter-output>
          </reporter-output>
        </test-method> <!-- launchDriver -->
        <test-method status="PASS" signature="Test1()[pri:0, instance:demoProject.TestClass1@2752f6e2]" name="Test1" duration-ms="1013" started-at="2019-08-29T22:46:26Z" finished-at="2019-08-29T22:46:27Z">
          <reporter-output>
          </reporter-output>
        </test-method> <!-- Test1 -->
        <test-method status="PASS" signature="Quit()[pri:0, instance:demoProject.TestClass1@2752f6e2]" name="Quit" is-config="true" duration-ms="659" started-at="2019-08-29T22:46:27Z" finished-at="2019-08-29T22:46:27Z">
          <reporter-output>
          </reporter-output>
        </test-method> <!-- Quit -->
        <test-method status="PASS" signature="launchDriver()[pri:0, instance:demoProject.TestClass1@2752f6e2]" name="launchDriver" is-config="true" duration-ms="3499" started-at="2019-08-29T22:46:27Z" finished-at="2019-08-29T22:46:31Z">
          <reporter-output>
          </reporter-output>
        </test-method> <!-- launchDriver -->
        <test-method status="PASS" signature="Test2()[pri:0, instance:demoProject.TestClass1@2752f6e2]" name="Test2" duration-ms="1417" started-at="2019-08-29T22:46:31Z" finished-at="2019-08-29T22:46:32Z">
          <reporter-output>
          </reporter-output>
        </test-method> <!-- Test2 -->
        <test-method status="PASS" signature="Quit()[pri:0, instance:demoProject.TestClass1@2752f6e2]" name="Quit" is-config="true" duration-ms="664" started-at="2019-08-29T22:46:32Z" finished-at="2019-08-29T22:46:33Z">
          <reporter-output>
          </reporter-output>
        </test-method> <!-- Quit -->
        <test-method status="PASS" signature="launchDriver()[pri:0, instance:demoProject.TestClass1@2752f6e2]" name="launchDriver" is-config="true" duration-ms="3488" started-at="2019-08-29T22:46:33Z" finished-at="2019-08-29T22:46:36Z">
          <reporter-output>
          </reporter-output>
        </test-method> <!-- launchDriver -->
        <test-method status="PASS" signature="Test3()[pri:0, instance:demoProject.TestClass1@2752f6e2]" name="Test3" duration-ms="1449" started-at="2019-08-29T22:46:36Z" finished-at="2019-08-29T22:46:38Z">
          <reporter-output>
          </reporter-output>
        </test-method> <!-- Test3 -->
        <test-method status="PASS" signature="Quit()[pri:0, instance:demoProject.TestClass1@2752f6e2]" name="Quit" is-config="true" duration-ms="662" started-at="2019-08-29T22:46:38Z" finished-at="2019-08-29T22:46:39Z">
          <reporter-output>
          </reporter-output>
        </test-method> <!-- Quit -->
      </class> <!-- demoProject.TestClass1 -->
    </test> <!-- Test -->
  </suite> <!-- Suite -->
</testng-results>
